<?xml version="1.0" encoding="UTF-8"?>
<!-- Generated by org.testng.reporters.JUnitReportReporter -->
<testsuite skipped="0" hostname="DESKTOP-ACQNM8H" name="day6.LinkImageTesting" tests="1" failures="0" timestamp="2021-09-16T12:01:33 IST" time="8.952" errors="0">
  <testcase name="linkTest" time="8.952" classname="day6.LinkImageTesting"/>
  <system-out/>
</testsuite> <!-- day6.LinkImageTesting -->
