<?xml version="1.0" encoding="UTF-8"?>
<!-- Generated by org.testng.reporters.JUnitReportReporter -->
<testsuite skipped="0" hostname="DESKTOP-ACQNM8H" name="day5.POM_Runner" tests="3" failures="0" timestamp="2021-09-15T14:50:10 IST" time="11.500" errors="0">
  <testcase name="logintest" time="4.018" classname="day5.POM_Runner"/>
  <system-out/>
  <testcase name="cancelButtontest" time="0.723" classname="day5.POM_Runner"/>
  <system-out/>
  <testcase name="forgetpagetest" time="6.759" classname="day5.POM_Runner"/>
  <system-out/>
</testsuite> <!-- day5.POM_Runner -->
