<?xml version="1.0" encoding="UTF-8"?>
<!-- Generated by org.testng.reporters.JUnitReportReporter -->
<testsuite skipped="0" hostname="DESKTOP-ACQNM8H" name="day6.PropertyExample" tests="1" failures="0" timestamp="2021-09-16T10:19:39 IST" time="0.020" errors="0">
  <testcase name="readProperty" time="0.020" classname="day6.PropertyExample"/>
  <system-out/>
</testsuite> <!-- day6.PropertyExample -->
