<?xml version="1.0" encoding="UTF-8"?>
<!-- Generated by org.testng.reporters.JUnitReportReporter -->
<testsuite skipped="0" hostname="DESKTOP-ACQNM8H" name="day6.Runner" tests="1" failures="0" timestamp="2021-09-16T14:59:54 IST" time="6.762" errors="0">
  <testcase name="f" time="6.762" classname="day6.Runner"/>
  <system-out/>
</testsuite> <!-- day6.Runner -->
